
Running java/task-1...
========================================
Running java/task-1...
========================================
Running java/task-1...
========================================
Running java/task-1...
========================================
Running java/task-1...
========================================
Running java/task-1...
========================================
Running java/task-1...
========================================
Running java/task-2...
========================================
Running java/task-2...
========================================
Running java/task-2...
========================================
Running java/task-2...
========================================
Running java/task-3...
========================================
Running java/task-3...
========================================
Running java/task-3...
========================================
Running java/task-3...
========================================
Running java/bonus...
1
2
3
========================================
Running java/bonus...
-2
-2
-1
-1
2
========================================
